#
# There is insufficient memory for the Java Runtime Environment to continue.
# Native memory allocation (malloc) failed to allocate 1366096 bytes for Chunk::new
# Possible reasons:
#   The system is out of physical RAM or swap space
#   The process is running with CompressedOops enabled, and the Java Heap may be blocking the growth of the native heap
# Possible solutions:
#   Reduce memory load on the system
#   Increase physical memory or swap space
#   Check if swap backing store is full
#   Decrease Java heap size (-Xmx/-Xms)
#   Decrease number of Java threads
#   Decrease Java thread stack sizes (-Xss)
#   Set larger code cache with -XX:ReservedCodeCacheSize=
#   JVM is running with Unscaled Compressed Oops mode in which the Java heap is
#     placed in the first 4GB address space. The Java Heap base address is the
#     maximum limit for the native heap growth. Please use -XX:HeapBaseMinAddress
#     to set the Java Heap base and to place the Java Heap above 4GB virtual address.
# This output file may be truncated or incomplete.
#
#  Out of Memory Error (t:/workspace/hotspot/src/share/vm/memory/allocation.cpp:372), pid=4576, tid=5200
#
# JRE version: Java(TM) SE Runtime Environment (9.0+11) (build 9.0.1+11)
# Java VM: Java HotSpot(TM) 64-Bit Server VM (9.0.1+11, mixed mode, tiered, compressed oops, g1 gc, windows-amd64)
# No core dump will be written. Minidumps are not enabled by default on client versions of Windows
#

---------------  S U M M A R Y ------------

Command Line: -Djansi.passthrough=true -Dclassworlds.conf=C:/apache-maven/bin/m2.conf -Dmaven.home=C:/apache-maven -Dlibrary.jansi.path=C:/apache-maven/lib/jansi-native -Dmaven.multiModuleProjectDirectory=C:/Users/Student8/Desktop/WEB_BB/enroller-fullstack org.codehaus.plexus.classworlds.launcher.Launcher install spring-boot-starter-security

Host: Intel(R) Xeon(R) CPU           E5649  @ 2.53GHz, 2 cores, 3G,  Windows 10 , 64 bit Build 10586 (10.0.10586.0)
Time: Sun Apr 28 14:07:53 2019 Central European Daylight Time elapsed time: 4 seconds (0d 0h 0m 4s)

---------------  T H R E A D  ---------------

Current thread (0x00000229ff45a800):  JavaThread "C2 CompilerThread0" daemon [_thread_in_native, id=5200, stack(0x000000e0baa00000,0x000000e0bab00000)]


Current CompileTask:
C2:   4477 2534       4       org.eclipse.sisu.plexus.RealmFilteredBeans$FilteredItr::hasNext (81 bytes)

Stack: [0x000000e0baa00000,0x000000e0bab00000]
Native frames: (J=compiled Java code, j=interpreted, Vv=VM code, C=native code)
V  [jvm.dll+0x5870b8]
V  [jvm.dll+0x69c0ee]
V  [jvm.dll+0x69d00a]
V  [jvm.dll+0x69d643]
V  [jvm.dll+0x21d148]
V  [jvm.dll+0xa7c6c]
V  [jvm.dll+0xa85ac]
V  [jvm.dll+0x320ef5]
V  [jvm.dll+0x17b54c]
V  [jvm.dll+0x1e9acd]
V  [jvm.dll+0x1e8c66]
V  [jvm.dll+0x1691bb]
V  [jvm.dll+0x1f64f0]
V  [jvm.dll+0x1f5176]
V  [jvm.dll+0x66b2df]
V  [jvm.dll+0x5864e0]
C  [msvcr120.dll+0x24f7f]
C  [msvcr120.dll+0x25126]
C  [KERNEL32.DLL+0x18102]
C  [ntdll.dll+0x5c5b4]


---------------  P R O C E S S  ---------------

Java Threads: ( => current thread )
  0x00000229ff6fb800 JavaThread "Service Thread" daemon [_thread_blocked, id=6684, stack(0x000000e0bae00000,0x000000e0baf00000)]
  0x00000229ff4de800 JavaThread "Common-Cleaner" daemon [_thread_blocked, id=4424, stack(0x000000e0bad00000,0x000000e0bae00000)]
  0x00000229ff4ca000 JavaThread "Sweeper thread" daemon [_thread_blocked, id=5388, stack(0x000000e0bac00000,0x000000e0bad00000)]
  0x00000229ff45b800 JavaThread "C1 CompilerThread1" daemon [_thread_blocked, id=1104, stack(0x000000e0bab00000,0x000000e0bac00000)]
=>0x00000229ff45a800 JavaThread "C2 CompilerThread0" daemon [_thread_in_native, id=5200, stack(0x000000e0baa00000,0x000000e0bab00000)]
  0x00000229ff459800 JavaThread "Attach Listener" daemon [_thread_blocked, id=2400, stack(0x000000e0ba900000,0x000000e0baa00000)]
  0x00000229ff456800 JavaThread "Signal Dispatcher" daemon [_thread_blocked, id=3280, stack(0x000000e0ba800000,0x000000e0ba900000)]
  0x00000229ff406800 JavaThread "Finalizer" daemon [_thread_blocked, id=6520, stack(0x000000e0ba700000,0x000000e0ba800000)]
  0x00000229ff3fd800 JavaThread "Reference Handler" daemon [_thread_blocked, id=2080, stack(0x000000e0ba600000,0x000000e0ba700000)]
  0x00000229e48b9800 JavaThread "main" [_thread_in_vm, id=3716, stack(0x000000e0b9d00000,0x000000e0b9e00000)]

Other Threads:
  0x00000229ff3d7000 VMThread "VM Thread" [stack: 0x000000e0ba500000,0x000000e0ba600000] [id=580]
  0x00000229ff6ff000 WatcherThread [stack: 0x000000e0baf00000,0x000000e0bb000000] [id=5100]
  0x00000229e48d0800 GCTaskThread "GC Thread#0" [stack: 0x000000e0b9e00000,0x000000e0b9f00000] [id=6628]
  0x00000229e48d2000 GCTaskThread "GC Thread#1" [stack: 0x000000e0b9f00000,0x000000e0ba000000] [id=4048]
  0x00000229e491b000 ConcurrentGCThread "G1 Main Marker" [stack: 0x000000e0ba300000,0x000000e0ba400000] [id=264]
  0x00000229e491e000 ConcurrentGCThread "G1 Marker#0" [stack: 0x000000e0ba400000,0x000000e0ba500000] [id=1036]
  0x00000229e48db800 ConcurrentGCThread "G1 Refine#0" [stack: 0x000000e0ba100000,0x000000e0ba200000] [id=4600]
  0x00000229e48d4000 ConcurrentGCThread "G1 Refine#1" [stack: 0x000000e0ba000000,0x000000e0ba100000] [id=1556]
  0x00000229e48dc800 ConcurrentGCThread "G1 Young RemSet Sampling" [stack: 0x000000e0ba200000,0x000000e0ba300000] [id=6852]

Threads with active compile tasks:
C2 CompilerThread02534       4       org.eclipse.sisu.plexus.RealmFilteredBeans$FilteredItr::hasNext (81 bytes)

VM state:synchronizing (normal execution)

VM Mutex/Monitor currently owned by a thread:  ([mutex/lock_event])
[0x00000229e48b5f40] Threads_lock - owner thread: 0x00000229ff3d7000
[0x00000229e48b7920] Heap_lock - owner thread: 0x00000229e48b9800

Heap address: 0x00000000c0000000, size: 1024 MB, Compressed Oops mode: 32-bit
Narrow klass base: 0x0000000000000000, Narrow klass shift: 3
Compressed class space size: 1073741824 Address: 0x0000000100000000

Heap:
 garbage-first heap   total 80896K, used 41553K [0x00000000c0000000, 0x00000000c0100278, 0x0000000100000000)
  region size 1024K, 35 young (35840K), 5 survivors (5120K)
 Metaspace       used 18893K, capacity 19270K, committed 19456K, reserved 1067008K
  class space    used 2123K, capacity 2270K, committed 2304K, reserved 1048576K
Heap Regions: E=young(eden), S=young(survivor), O=old, HS=humongous(starts), HC=humongous(continues), CS=collection set, F=free, A=archive, TS=gc time stamp, AC=allocation context, TAMS=top-at-mark-start (previous, next)
|   0|0x00000000c0000000, 0x00000000c0100000, 0x00000000c0100000|100%| O|  |TS  1|AC  0|TAMS 0x00000000c0000000, 0x00000000c0000000|
|   1|0x00000000c0100000, 0x00000000c0200000, 0x00000000c0200000|100%| O|  |TS  1|AC  0|TAMS 0x00000000c0100000, 0x00000000c0100000|
|   2|0x00000000c0200000, 0x00000000c0300000, 0x00000000c0300000|100%| O|  |TS  3|AC  0|TAMS 0x00000000c0200000, 0x00000000c0200000|
|   3|0x00000000c0300000, 0x00000000c0400000, 0x00000000c0400000|100%| O|  |TS  7|AC  0|TAMS 0x00000000c0300000, 0x00000000c0300000|
|   4|0x00000000c0400000, 0x00000000c0500000, 0x00000000c0500000|100%| O|  |TS  9|AC  0|TAMS 0x00000000c0400000, 0x00000000c0400000|
|   5|0x00000000c0500000, 0x00000000c0600000, 0x00000000c0600000|100%| O|  |TS  9|AC  0|TAMS 0x00000000c0500000, 0x00000000c0500000|
|   6|0x00000000c0600000, 0x00000000c0694600, 0x00000000c0700000| 57%| O|  |TS  9|AC  0|TAMS 0x00000000c0600000, 0x00000000c0600000|
|   7|0x00000000c0700000, 0x00000000c0700000, 0x00000000c0800000|  0%| F|  |TS  0|AC  0|TAMS 0x00000000c0700000, 0x00000000c0700000|
|   8|0x00000000c0800000, 0x00000000c0800000, 0x00000000c0900000|  0%| F|  |TS  0|AC  0|TAMS 0x00000000c0800000, 0x00000000c0800000|
|   9|0x00000000c0900000, 0x00000000c0900000, 0x00000000c0a00000|  0%| F|  |TS  0|AC  0|TAMS 0x00000000c0900000, 0x00000000c0900000|
|  10|0x00000000c0a00000, 0x00000000c0a00000, 0x00000000c0b00000|  0%| F|  |TS  0|AC  0|TAMS 0x00000000c0a00000, 0x00000000c0a00000|
|  11|0x00000000c0b00000, 0x00000000c0b00000, 0x00000000c0c00000|  0%| F|  |TS  0|AC  0|TAMS 0x00000000c0b00000, 0x00000000c0b00000|
|  12|0x00000000c0c00000, 0x00000000c0c00000, 0x00000000c0d00000|  0%| F|  |TS  0|AC  0|TAMS 0x00000000c0c00000, 0x00000000c0c00000|
|  13|0x00000000c0d00000, 0x00000000c0d00000, 0x00000000c0e00000|  0%| F|  |TS  0|AC  0|TAMS 0x00000000c0d00000, 0x00000000c0d00000|
|  14|0x00000000c0e00000, 0x00000000c0e00000, 0x00000000c0f00000|  0%| F|  |TS  0|AC  0|TAMS 0x00000000c0e00000, 0x00000000c0e00000|
|  15|0x00000000c0f00000, 0x00000000c0f00000, 0x00000000c1000000|  0%| F|  |TS  0|AC  0|TAMS 0x00000000c0f00000, 0x00000000c0f00000|
|  16|0x00000000c1000000, 0x00000000c1000000, 0x00000000c1100000|  0%| F|  |TS  0|AC  0|TAMS 0x00000000c1000000, 0x00000000c1000000|
|  17|0x00000000c1100000, 0x00000000c1100000, 0x00000000c1200000|  0%| F|  |TS  0|AC  0|TAMS 0x00000000c1100000, 0x00000000c1100000|
|  18|0x00000000c1200000, 0x00000000c1200000, 0x00000000c1300000|  0%| F|  |TS  0|AC  0|TAMS 0x00000000c1200000, 0x00000000c1200000|
|  19|0x00000000c1300000, 0x00000000c1300000, 0x00000000c1400000|  0%| F|  |TS  0|AC  0|TAMS 0x00000000c1300000, 0x00000000c1300000|
|  20|0x00000000c1400000, 0x00000000c1400000, 0x00000000c1500000|  0%| F|  |TS  0|AC  0|TAMS 0x00000000c1400000, 0x00000000c1400000|
|  21|0x00000000c1500000, 0x00000000c1500000, 0x00000000c1600000|  0%| F|  |TS  0|AC  0|TAMS 0x00000000c1500000, 0x00000000c1500000|
|  22|0x00000000c1600000, 0x00000000c1600000, 0x00000000c1700000|  0%| F|  |TS  0|AC  0|TAMS 0x00000000c1600000, 0x00000000c1600000|
|  23|0x00000000c1700000, 0x00000000c1700000, 0x00000000c1800000|  0%| F|  |TS  0|AC  0|TAMS 0x00000000c1700000, 0x00000000c1700000|
|  24|0x00000000c1800000, 0x00000000c1900000, 0x00000000c1900000|100%| S|CS|TS  9|AC  0|TAMS 0x00000000c1800000, 0x00000000c1800000|
|  25|0x00000000c1900000, 0x00000000c1a00000, 0x00000000c1a00000|100%| S|CS|TS  9|AC  0|TAMS 0x00000000c1900000, 0x00000000c1900000|
|  26|0x00000000c1a00000, 0x00000000c1b00000, 0x00000000c1b00000|100%| S|CS|TS  9|AC  0|TAMS 0x00000000c1a00000, 0x00000000c1a00000|
|  27|0x00000000c1b00000, 0x00000000c1c00000, 0x00000000c1c00000|100%| S|CS|TS  9|AC  0|TAMS 0x00000000c1b00000, 0x00000000c1b00000|
|  28|0x00000000c1c00000, 0x00000000c1d00000, 0x00000000c1d00000|100%| S|CS|TS  9|AC  0|TAMS 0x00000000c1c00000, 0x00000000c1c00000|
|  29|0x00000000c1d00000, 0x00000000c1d00000, 0x00000000c1e00000|  0%| F|  |TS  9|AC  0|TAMS 0x00000000c1d00000, 0x00000000c1d00000|
|  30|0x00000000c1e00000, 0x00000000c1e00000, 0x00000000c1f00000|  0%| F|  |TS  9|AC  0|TAMS 0x00000000c1e00000, 0x00000000c1e00000|
|  31|0x00000000c1f00000, 0x00000000c1f00000, 0x00000000c2000000|  0%| F|  |TS  9|AC  0|TAMS 0x00000000c1f00000, 0x00000000c1f00000|
|  32|0x00000000c2000000, 0x00000000c2000000, 0x00000000c2100000|  0%| F|  |TS  9|AC  0|TAMS 0x00000000c2000000, 0x00000000c2000000|
|  33|0x00000000c2100000, 0x00000000c2100000, 0x00000000c2200000|  0%| F|  |TS  9|AC  0|TAMS 0x00000000c2100000, 0x00000000c2100000|
|  34|0x00000000c2200000, 0x00000000c2200000, 0x00000000c2300000|  0%| F|  |TS  9|AC  0|TAMS 0x00000000c2200000, 0x00000000c2200000|
|  35|0x00000000c2300000, 0x00000000c2300000, 0x00000000c2400000|  0%| F|  |TS  9|AC  0|TAMS 0x00000000c2300000, 0x00000000c2300000|
|  36|0x00000000c2400000, 0x00000000c2400000, 0x00000000c2500000|  0%| F|  |TS  9|AC  0|TAMS 0x00000000c2400000, 0x00000000c2400000|
|  37|0x00000000c2500000, 0x00000000c2500000, 0x00000000c2600000|  0%| F|  |TS  9|AC  0|TAMS 0x00000000c2500000, 0x00000000c2500000|
|  38|0x00000000c2600000, 0x00000000c2600000, 0x00000000c2700000|  0%| F|  |TS  9|AC  0|TAMS 0x00000000c2600000, 0x00000000c2600000|
|  39|0x00000000c2700000, 0x00000000c2700000, 0x00000000c2800000|  0%| F|  |TS  9|AC  0|TAMS 0x00000000c2700000, 0x00000000c2700000|
|  40|0x00000000c2800000, 0x00000000c2800000, 0x00000000c2900000|  0%| F|  |TS  9|AC  0|TAMS 0x00000000c2800000, 0x00000000c2800000|
|  41|0x00000000c2900000, 0x00000000c2900000, 0x00000000c2a00000|  0%| F|  |TS  9|AC  0|TAMS 0x00000000c2900000, 0x00000000c2900000|
|  42|0x00000000c2a00000, 0x00000000c2a00000, 0x00000000c2b00000|  0%| F|  |TS  9|AC  0|TAMS 0x00000000c2a00000, 0x00000000c2a00000|
|  43|0x00000000c2b00000, 0x00000000c2b00000, 0x00000000c2c00000|  0%| F|  |TS  9|AC  0|TAMS 0x00000000c2b00000, 0x00000000c2b00000|
|  44|0x00000000c2c00000, 0x00000000c2c00000, 0x00000000c2d00000|  0%| F|  |TS  9|AC  0|TAMS 0x00000000c2c00000, 0x00000000c2c00000|
|  45|0x00000000c2d00000, 0x00000000c2d00000, 0x00000000c2e00000|  0%| F|  |TS  9|AC  0|TAMS 0x00000000c2d00000, 0x00000000c2d00000|
|  46|0x00000000c2e00000, 0x00000000c2e00000, 0x00000000c2f00000|  0%| F|  |TS  9|AC  0|TAMS 0x00000000c2e00000, 0x00000000c2e00000|
|  47|0x00000000c2f00000, 0x00000000c2f00000, 0x00000000c3000000|  0%| F|  |TS  9|AC  0|TAMS 0x00000000c2f00000, 0x00000000c2f00000|
|  48|0x00000000c3000000, 0x00000000c3000000, 0x00000000c3100000|  0%| F|  |TS  9|AC  0|TAMS 0x00000000c3000000, 0x00000000c3000000|
|  49|0x00000000c3100000, 0x00000000c3200000, 0x00000000c3200000|100%| E|  |TS  9|AC  0|TAMS 0x00000000c3100000, 0x00000000c3100000|
|  50|0x00000000c3200000, 0x00000000c3300000, 0x00000000c3300000|100%| E|CS|TS  9|AC  0|TAMS 0x00000000c3200000, 0x00000000c3200000|
|  51|0x00000000c3300000, 0x00000000c3400000, 0x00000000c3400000|100%| E|CS|TS  9|AC  0|TAMS 0x00000000c3300000, 0x00000000c3300000|
|  52|0x00000000c3400000, 0x00000000c3500000, 0x00000000c3500000|100%| E|CS|TS  9|AC  0|TAMS 0x00000000c3400000, 0x00000000c3400000|
|  53|0x00000000c3500000, 0x00000000c3600000, 0x00000000c3600000|100%| E|CS|TS  9|AC  0|TAMS 0x00000000c3500000, 0x00000000c3500000|
|  54|0x00000000c3600000, 0x00000000c3700000, 0x00000000c3700000|100%| E|CS|TS  9|AC  0|TAMS 0x00000000c3600000, 0x00000000c3600000|
|  55|0x00000000c3700000, 0x00000000c3800000, 0x00000000c3800000|100%| E|CS|TS  9|AC  0|TAMS 0x00000000c3700000, 0x00000000c3700000|
|  56|0x00000000c3800000, 0x00000000c3900000, 0x00000000c3900000|100%| E|CS|TS  9|AC  0|TAMS 0x00000000c3800000, 0x00000000c3800000|
|  57|0x00000000c3900000, 0x00000000c3a00000, 0x00000000c3a00000|100%| E|CS|TS  9|AC  0|TAMS 0x00000000c3900000, 0x00000000c3900000|
|  58|0x00000000c3a00000, 0x00000000c3b00000, 0x00000000c3b00000|100%| E|CS|TS  9|AC  0|TAMS 0x00000000c3a00000, 0x00000000c3a00000|
|  59|0x00000000c3b00000, 0x00000000c3c00000, 0x00000000c3c00000|100%| E|CS|TS  9|AC  0|TAMS 0x00000000c3b00000, 0x00000000c3b00000|
|  60|0x00000000c3c00000, 0x00000000c3d00000, 0x00000000c3d00000|100%| E|CS|TS  9|AC  0|TAMS 0x00000000c3c00000, 0x00000000c3c00000|
|  61|0x00000000c3d00000, 0x00000000c3e00000, 0x00000000c3e00000|100%| E|CS|TS  9|AC  0|TAMS 0x00000000c3d00000, 0x00000000c3d00000|
|  62|0x00000000c3e00000, 0x00000000c3f00000, 0x00000000c3f00000|100%| E|CS|TS  9|AC  0|TAMS 0x00000000c3e00000, 0x00000000c3e00000|
|  63|0x00000000c3f00000, 0x00000000c4000000, 0x00000000c4000000|100%| E|CS|TS  9|AC  0|TAMS 0x00000000c3f00000, 0x00000000c3f00000|
|  64|0x00000000c4000000, 0x00000000c4100000, 0x00000000c4100000|100%| E|CS|TS  9|AC  0|TAMS 0x00000000c4000000, 0x00000000c4000000|
|  65|0x00000000c4100000, 0x00000000c4200000, 0x00000000c4200000|100%| E|CS|TS  9|AC  0|TAMS 0x00000000c4100000, 0x00000000c4100000|
|  66|0x00000000c4200000, 0x00000000c4300000, 0x00000000c4300000|100%| E|CS|TS  9|AC  0|TAMS 0x00000000c4200000, 0x00000000c4200000|
|  67|0x00000000c4300000, 0x00000000c4400000, 0x00000000c4400000|100%| E|CS|TS  9|AC  0|TAMS 0x00000000c4300000, 0x00000000c4300000|
|  68|0x00000000c4400000, 0x00000000c4500000, 0x00000000c4500000|100%| E|CS|TS  9|AC  0|TAMS 0x00000000c4400000, 0x00000000c4400000|
|  69|0x00000000c4500000, 0x00000000c4600000, 0x00000000c4600000|100%| E|CS|TS  9|AC  0|TAMS 0x00000000c4500000, 0x00000000c4500000|
|  70|0x00000000c4600000, 0x00000000c4700000, 0x00000000c4700000|100%| E|CS|TS  9|AC  0|TAMS 0x00000000c4600000, 0x00000000c4600000|
|  71|0x00000000c4700000, 0x00000000c4800000, 0x00000000c4800000|100%| E|CS|TS  9|AC  0|TAMS 0x00000000c4700000, 0x00000000c4700000|
|  72|0x00000000c4800000, 0x00000000c4900000, 0x00000000c4900000|100%| E|CS|TS  9|AC  0|TAMS 0x00000000c4800000, 0x00000000c4800000|
|  73|0x00000000c4900000, 0x00000000c4a00000, 0x00000000c4a00000|100%| E|CS|TS  9|AC  0|TAMS 0x00000000c4900000, 0x00000000c4900000|
|  74|0x00000000c4a00000, 0x00000000c4b00000, 0x00000000c4b00000|100%| E|CS|TS  9|AC  0|TAMS 0x00000000c4a00000, 0x00000000c4a00000|
|  75|0x00000000c4b00000, 0x00000000c4c00000, 0x00000000c4c00000|100%| E|CS|TS  9|AC  0|TAMS 0x00000000c4b00000, 0x00000000c4b00000|
|  76|0x00000000c4c00000, 0x00000000c4d00000, 0x00000000c4d00000|100%| E|CS|TS  9|AC  0|TAMS 0x00000000c4c00000, 0x00000000c4c00000|
|  77|0x00000000c4d00000, 0x00000000c4e00000, 0x00000000c4e00000|100%| E|CS|TS  9|AC  0|TAMS 0x00000000c4d00000, 0x00000000c4d00000|
|  78|0x00000000c4e00000, 0x00000000c4f00000, 0x00000000c4f00000|100%| E|CS|TS  9|AC  0|TAMS 0x00000000c4e00000, 0x00000000c4e00000|

Card table byte_map: [0x00000229fc450000,0x00000229fc650000] byte_map_base: 0x00000229fbe50000

Marking Bits (Prev, Next): (CMBitMap*) 0x00000229e4919570, (CMBitMap*) 0x00000229e49195a8
 Prev Bits: [0x00000229fc850000, 0x00000229fd850000)
 Next Bits: [0x00000229fd850000, 0x00000229fe850000)

Polling page: 0x00000229e4840000

CodeHeap 'non-profiled nmethods': size=120064Kb used=1080Kb max_used=1080Kb free=118984Kb
 bounds [0x00000229f4700000, 0x00000229f4970000, 0x00000229fbc40000]
CodeHeap 'profiled nmethods': size=120000Kb used=6319Kb max_used=6319Kb free=113680Kb
 bounds [0x00000229ed1d0000, 0x00000229ed800000, 0x00000229f4700000]
CodeHeap 'non-nmethods': size=5696Kb used=1243Kb max_used=1264Kb free=4452Kb
 bounds [0x00000229ecc40000, 0x00000229eceb0000, 0x00000229ed1d0000]
 total_blobs=3601 nmethods=2698 adapters=323
 compilation: enabled

Compilation events (10 events):
Event: 4.453 Thread 0x00000229ff45b800 2666       1       java.util.Collections$UnmodifiableMap$UnmodifiableEntrySet$UnmodifiableEntry::getKey (10 bytes)
Event: 4.453 Thread 0x00000229ff45b800 nmethod 2666 0x00000229f4809a90 code [0x00000229f4809c40, 0x00000229f4809d90]
Event: 4.453 Thread 0x00000229ff45b800 2667       1       java.util.Collections$UnmodifiableMap$UnmodifiableEntrySet$UnmodifiableEntry::getValue (10 bytes)
Event: 4.453 Thread 0x00000229ff45b800 nmethod 2667 0x00000229f4809e10 code [0x00000229f4809fc0, 0x00000229f480a110]
Event: 4.453 Thread 0x00000229ff45b800 2668       2       org.eclipse.aether.artifact.DefaultArtifact::merge (70 bytes)
Event: 4.454 Thread 0x00000229ff45b800 nmethod 2668 0x00000229ed7e1110 code [0x00000229ed7e1300, 0x00000229ed7e1680]
Event: 4.454 Thread 0x00000229ff45b800 2669       2       org.eclipse.aether.graph.Dependency::<init> (43 bytes)
Event: 4.454 Thread 0x00000229ff45b800 nmethod 2669 0x00000229ed7e1810 code [0x00000229ed7e19e0, 0x00000229ed7e1d90]
Event: 4.460 Thread 0x00000229ff45b800 2670   !   2       java.io.StringReader::read (133 bytes)
Event: 4.460 Thread 0x00000229ff45b800 nmethod 2670 0x00000229ed7e1e90 code [0x00000229ed7e20a0, 0x00000229ed7e26b0]

GC Heap History (10 events):
Event: 0.657 GC heap before
{Heap before GC invocations=0 (full 0):
 garbage-first heap   total 65536K, used 7168K [0x00000000c0000000, 0x00000000c0100200, 0x0000000100000000)
  region size 1024K, 7 young (7168K), 0 survivors (0K)
 Metaspace       used 7202K, capacity 7418K, committed 7552K, reserved 1056768K
  class space    used 710K, capacity 784K, committed 896K, reserved 1048576K
}
Event: 0.666 GC heap after
{Heap after GC invocations=1 (full 0):
 garbage-first heap   total 65536K, used 3397K [0x00000000c0000000, 0x00000000c0100200, 0x0000000100000000)
  region size 1024K, 1 young (1024K), 1 survivors (1024K)
 Metaspace       used 7202K, capacity 7418K, committed 7552K, reserved 1056768K
  class space    used 710K, capacity 784K, committed 896K, reserved 1048576K
}
Event: 0.833 GC heap before
{Heap before GC invocations=1 (full 0):
 garbage-first heap   total 65536K, used 6469K [0x00000000c0000000, 0x00000000c0100200, 0x0000000100000000)
  region size 1024K, 4 young (4096K), 1 survivors (1024K)
 Metaspace       used 8117K, capacity 8384K, committed 8576K, reserved 1056768K
  class space    used 811K, capacity 887K, committed 896K, reserved 1048576K
}
Event: 0.841 GC heap after
{Heap after GC invocations=2 (full 0):
 garbage-first heap   total 65536K, used 4181K [0x00000000c0000000, 0x00000000c0100200, 0x0000000100000000)
  region size 1024K, 1 young (1024K), 1 survivors (1024K)
 Metaspace       used 8117K, capacity 8384K, committed 8576K, reserved 1056768K
  class space    used 811K, capacity 887K, committed 896K, reserved 1048576K
}
Event: 1.370 GC heap before
{Heap before GC invocations=2 (full 0):
 garbage-first heap   total 65536K, used 14421K [0x00000000c0000000, 0x00000000c0100200, 0x0000000100000000)
  region size 1024K, 11 young (11264K), 1 survivors (1024K)
 Metaspace       used 11136K, capacity 11444K, committed 11648K, reserved 1058816K
  class space    used 1227K, capacity 1307K, committed 1408K, reserved 1048576K
}
Event: 1.377 GC heap after
{Heap after GC invocations=3 (full 0):
 garbage-first heap   total 65536K, used 5822K [0x00000000c0000000, 0x00000000c0100200, 0x0000000100000000)
  region size 1024K, 2 young (2048K), 2 survivors (2048K)
 Metaspace       used 11136K, capacity 11444K, committed 11648K, reserved 1058816K
  class space    used 1227K, capacity 1307K, committed 1408K, reserved 1048576K
}
Event: 2.214 GC heap before
{Heap before GC invocations=3 (full 0):
 garbage-first heap   total 65536K, used 33470K [0x00000000c0000000, 0x00000000c0100200, 0x0000000100000000)
  region size 1024K, 29 young (29696K), 2 survivors (2048K)
 Metaspace       used 13903K, capacity 14206K, committed 14336K, reserved 1062912K
  class space    used 1575K, capacity 1670K, committed 1792K, reserved 1048576K
}
Event: 2.228 GC heap after
{Heap after GC invocations=4 (full 0):
 garbage-first heap   total 65536K, used 8498K [0x00000000c0000000, 0x00000000c0100200, 0x0000000100000000)
  region size 1024K, 4 young (4096K), 4 survivors (4096K)
 Metaspace       used 13903K, capacity 14206K, committed 14336K, reserved 1062912K
  class space    used 1575K, capacity 1670K, committed 1792K, reserved 1048576K
}
Event: 3.645 GC heap before
{Heap before GC invocations=4 (full 0):
 garbage-first heap   total 65536K, used 40242K [0x00000000c0000000, 0x00000000c0100200, 0x0000000100000000)
  region size 1024K, 35 young (35840K), 4 survivors (4096K)
 Metaspace       used 18275K, capacity 18666K, committed 18944K, reserved 1067008K
  class space    used 2087K, capacity 2202K, committed 2304K, reserved 1048576K
}
Event: 3.673 GC heap after
{Heap after GC invocations=5 (full 0):
 garbage-first heap   total 80896K, used 11857K [0x00000000c0000000, 0x00000000c0100278, 0x0000000100000000)
  region size 1024K, 5 young (5120K), 5 survivors (5120K)
 Metaspace       used 18275K, capacity 18666K, committed 18944K, reserved 1067008K
  class space    used 2087K, capacity 2202K, committed 2304K, reserved 1048576K
}

Deoptimization events (10 events):
Event: 3.407 Thread 0x00000229e48b9800 Uncommon trap: reason=unstable_if action=reinterpret pc=0x00000229f47ca18c method=java.lang.String.indexOf([BBILjava/lang/String;I)I @ 54 c2
Event: 3.424 Thread 0x00000229e48b9800 Uncommon trap: reason=unstable_if action=reinterpret pc=0x00000229f47cac0c method=java.lang.reflect.AccessibleObject.checkCanSetAccessible(Ljava/lang/Class;Ljava/lang/Class;Z)Z @ 16 c2
Event: 3.445 Thread 0x00000229e48b9800 Uncommon trap: reason=unstable_if action=reinterpret pc=0x00000229f47c4668 method=org.codehaus.plexus.util.xml.pull.MXParser.nextImpl()I @ 879 c2
Event: 3.491 Thread 0x00000229e48b9800 Uncommon trap: reason=unstable_if action=reinterpret pc=0x00000229f47cfae4 method=java.lang.StringLatin1.trim([B)Ljava/lang/String; @ 60 c2
Event: 3.491 Thread 0x00000229e48b9800 Uncommon trap: reason=unstable_if action=reinterpret pc=0x00000229f47b9494 method=org.codehaus.plexus.util.xml.pull.MXParser.isS(C)Z @ 21 c2
Event: 3.491 Thread 0x00000229e48b9800 Uncommon trap: reason=unstable_if action=reinterpret pc=0x00000229f47ba108 method=org.codehaus.plexus.util.xml.pull.MXParser.isS(C)Z @ 21 c2
Event: 3.504 Thread 0x00000229e48b9800 Uncommon trap: reason=unstable_if action=reinterpret pc=0x00000229f47b9bec method=java.lang.StringDecoderUTF8.decode([BIILjava/lang/StringCoding$Result;)Ljava/lang/StringCoding$Result; @ 32 c2
Event: 3.508 Thread 0x00000229e48b9800 Uncommon trap: reason=unstable_if action=reinterpret pc=0x00000229f478d49c method=java.lang.StringDecoderUTF8.decode([BIILjava/lang/StringCoding$Result;)Ljava/lang/StringCoding$Result; @ 130 c2
Event: 3.508 Thread 0x00000229e48b9800 Uncommon trap: reason=unstable_if action=reinterpret pc=0x00000229f476adc8 method=sun.nio.cs.UTF_8$Decoder.decodeArrayLoop(Ljava/nio/ByteBuffer;Ljava/nio/CharBuffer;)Ljava/nio/charset/CoderResult; @ 84 c2
Event: 3.597 Thread 0x00000229e48b9800 Uncommon trap: reason=unstable_if action=reinterpret pc=0x00000229f4784cdc method=java.lang.String.regionMatches(ZILjava/lang/String;II)Z @ 21 c2

Classes redefined (0 events):
No events

Internal exceptions (10 events):
Event: 1.203 Thread 0x00000229e48b9800 Exception <a 'java/lang/NoSuchMethodError'{0x00000000c3793180}: java.lang.invoke.DirectMethodHandle$Holder.invokeInterface(Ljava/lang/Object;Ljava/lang/Object;Ljava/lang/Object;)I> (0x00000000c3793180) thrown at [t:/workspace/hotspot/src/share/vm/interpre
Event: 1.210 Thread 0x00000229e48b9800 Exception <a 'java/lang/NoSuchMethodError'{0x00000000c379ecf0}: java.lang.invoke.DirectMethodHandle$Holder.invokeStatic(Ljava/lang/Object;Ljava/lang/Object;)I> (0x00000000c379ecf0) thrown at [t:/workspace/hotspot/src/share/vm/interpreter/linkResolver.cpp,
Event: 1.218 Thread 0x00000229e48b9800 Exception <a 'java/lang/NoSuchMethodError'{0x00000000c37ab9d0}: java.lang.Object.of([Ljava/lang/Object;)Ljava/util/stream/Stream;> (0x00000000c37ab9d0) thrown at [t:/workspace/hotspot/src/share/vm/interpreter/linkResolver.cpp, line 731]
Event: 2.789 Thread 0x00000229e48b9800 Exception <a 'java/lang/NoClassDefFoundError'{0x00000000c31d3650}: com/google/inject/servlet/ServletModuleTargetVisitor> (0x00000000c31d3650) thrown at [t:/workspace/hotspot/src/share/vm/classfile/systemDictionary.cpp, line 207]
Event: 2.789 Thread 0x00000229e48b9800 Exception <a 'java/lang/NoClassDefFoundError'{0x00000000c31d3650}> (0x00000000c31d3650) thrown at [t:/workspace/hotspot/src/share/vm/prims/jvm.cpp, line 1314]
Event: 2.789 Thread 0x00000229e48b9800 Exception <a 'java/lang/NoClassDefFoundError'{0x00000000c31d7b50}: javax/annotation/Priority> (0x00000000c31d7b50) thrown at [t:/workspace/hotspot/src/share/vm/classfile/systemDictionary.cpp, line 207]
Event: 2.935 Thread 0x00000229e48b9800 Exception <a 'java/lang/NoSuchMethodError'{0x00000000c2fce1e8}: method resolution failed> (0x00000000c2fce1e8) thrown at [t:/workspace/hotspot/src/share/vm/prims/methodHandles.cpp, line 1256]
Event: 2.936 Thread 0x00000229e48b9800 Exception <a 'java/lang/NoSuchMethodError'{0x00000000c2fd2550}: java.lang.invoke.DirectMethodHandle$Holder.invokeStaticInit(Ljava/lang/Object;IIII)Ljava/lang/Object;> (0x00000000c2fd2550) thrown at [t:/workspace/hotspot/src/share/vm/interpreter/linkResolv
Event: 3.176 Thread 0x00000229e48b9800 Implicit null exception at 0x00000229f47342f4 to 0x00000229f47347b1
Event: 3.177 Thread 0x00000229e48b9800 Implicit null exception at 0x00000229f4742bf4 to 0x00000229f474309d

Events (10 events):
Event: 4.413 Thread 0x00000229e48b9800 DEOPT PACKING pc=0x00000229ed6d212c sp=0x000000e0b9dfce60
Event: 4.413 Thread 0x00000229e48b9800 DEOPT UNPACKING pc=0x00000229ecc8d83f sp=0x000000e0b9dfc378 mode 0
Event: 4.429 loading class org/apache/maven/repository/internal/ArtifactDescriptorReaderDelegate
Event: 4.429 loading class org/apache/maven/repository/internal/ArtifactDescriptorReaderDelegate done
Event: 4.431 loading class org/eclipse/aether/graph/Dependency$Exclusions
Event: 4.431 loading class org/eclipse/aether/graph/Dependency$Exclusions done
Event: 4.460 loading class org/codehaus/plexus/configuration/xml/XmlPlexusConfiguration
Event: 4.460 loading class org/codehaus/plexus/configuration/xml/XmlPlexusConfiguration done
Event: 4.462 loading class org/codehaus/plexus/configuration/DefaultPlexusConfiguration
Event: 4.462 loading class org/codehaus/plexus/configuration/DefaultPlexusConfiguration done


Dynamic libraries:
0x00007ff63e210000 - 0x00007ff63e24e000 	C:\Program Files\Java\jre-9.0.1\bin\java.exe
0x00007ff9a0b90000 - 0x00007ff9a0d51000 	C:\Windows\SYSTEM32\ntdll.dll
0x00007ff99e7a0000 - 0x00007ff99e84d000 	C:\Windows\system32\KERNEL32.DLL
0x00007ff99da20000 - 0x00007ff99dc08000 	C:\Windows\system32\KERNELBASE.dll
0x00007ff99e6f0000 - 0x00007ff99e797000 	C:\Windows\system32\ADVAPI32.dll
0x00007ff9a0930000 - 0x00007ff9a09cd000 	C:\Windows\system32\msvcrt.dll
0x00007ff99e340000 - 0x00007ff99e39b000 	C:\Windows\system32\sechost.dll
0x00007ff99e3a0000 - 0x00007ff99e4bc000 	C:\Windows\system32\RPCRT4.dll
0x00007ff9a09f0000 - 0x00007ff9a0b46000 	C:\Windows\system32\USER32.dll
0x00007ff99f230000 - 0x00007ff99f3b6000 	C:\Windows\system32\GDI32.dll
0x00007ff98ba40000 - 0x00007ff98bcb4000 	C:\Windows\WinSxS\amd64_microsoft.windows.common-controls_6595b64144ccf1df_6.0.10586.0_none_8c15ae12515e1c22\COMCTL32.dll
0x00007ff99c520000 - 0x00007ff99c52a000 	C:\Windows\SYSTEM32\VERSION.dll
0x00007ff99e8b0000 - 0x00007ff99eb2d000 	C:\Windows\system32\combase.dll
0x00007ff99dcd0000 - 0x00007ff99dd3a000 	C:\Windows\system32\bcryptPrimitives.dll
0x00007ff9a0b50000 - 0x00007ff9a0b8b000 	C:\Windows\system32\IMM32.DLL
0x00007ff99d0b0000 - 0x00007ff99d0d5000 	C:\Windows\system32\vmwsci.dll
0x00007ff99ed90000 - 0x00007ff99ed98000 	C:\Windows\system32\PSAPI.DLL
0x00007ff98ae30000 - 0x00007ff98af1f000 	C:\Program Files\Java\jre-9.0.1\bin\msvcr120.dll
0x00007ff986b00000 - 0x00007ff986ba6000 	C:\Program Files\Java\jre-9.0.1\bin\msvcp120.dll
0x00000000591d0000 - 0x0000000059bf4000 	C:\Program Files\Java\jre-9.0.1\bin\server\jvm.dll
0x00007ff993940000 - 0x00007ff993949000 	C:\Windows\SYSTEM32\WSOCK32.dll
0x00007ff99df90000 - 0x00007ff99dffb000 	C:\Windows\system32\WS2_32.dll
0x00007ff99b680000 - 0x00007ff99b6a3000 	C:\Windows\SYSTEM32\WINMM.dll
0x00007ff99b650000 - 0x00007ff99b67c000 	C:\Windows\SYSTEM32\WINMMBASE.dll
0x00007ff99d240000 - 0x00007ff99d283000 	C:\Windows\system32\cfgmgr32.dll
0x00007ff991ec0000 - 0x00007ff991ecf000 	C:\Program Files\Java\jre-9.0.1\bin\verify.dll
0x00007ff991d00000 - 0x00007ff991d27000 	C:\Program Files\Java\jre-9.0.1\bin\java.dll
0x00007ff991ce0000 - 0x00007ff991cf6000 	C:\Program Files\Java\jre-9.0.1\bin\zip.dll
0x00007ff991eb0000 - 0x00007ff991eba000 	C:\Program Files\Java\jre-9.0.1\bin\jimage.dll
0x00007ff99f3d0000 - 0x00007ff9a092c000 	C:\Windows\system32\SHELL32.dll
0x00007ff99d3d0000 - 0x00007ff99da15000 	C:\Windows\system32\windows.storage.dll
0x00007ff99f1d0000 - 0x00007ff99f222000 	C:\Windows\system32\shlwapi.dll
0x00007ff99d1c0000 - 0x00007ff99d1cf000 	C:\Windows\system32\kernel.appcore.dll
0x00007ff99dc10000 - 0x00007ff99dcc5000 	C:\Windows\system32\shcore.dll
0x00007ff99d1d0000 - 0x00007ff99d21b000 	C:\Windows\system32\powrprof.dll
0x00007ff99d220000 - 0x00007ff99d234000 	C:\Windows\system32\profapi.dll
0x00007ff9918e0000 - 0x00007ff9918fa000 	C:\Program Files\Java\jre-9.0.1\bin\net.dll
0x00007ff999680000 - 0x00007ff999748000 	C:\Windows\SYSTEM32\WINHTTP.dll
0x00007ff99ca50000 - 0x00007ff99caac000 	C:\Windows\system32\mswsock.dll
0x00007ff98dd70000 - 0x00007ff98dd81000 	C:\Program Files\Java\jre-9.0.1\bin\nio.dll
0x00007ff991c90000 - 0x00007ff991c9a000 	C:\apache-maven\lib\jansi-native\windows64\jansi.dll
0x00007ff998ac0000 - 0x00007ff998c4c000 	C:\Windows\SYSTEM32\dbghelp.dll

VM Arguments:
jvm_args: -Djansi.passthrough=true -Dclassworlds.conf=C:/apache-maven/bin/m2.conf -Dmaven.home=C:/apache-maven -Dlibrary.jansi.path=C:/apache-maven/lib/jansi-native -Dmaven.multiModuleProjectDirectory=C:/Users/Student8/Desktop/WEB_BB/enroller-fullstack 
java_command: org.codehaus.plexus.classworlds.launcher.Launcher install spring-boot-starter-security
java_class_path (initial): C:/apache-maven/boot/plexus-classworlds-2.5.2.jar
Launcher Type: SUN_STANDARD

Logging:
Log output configuration:
#0: stdout all=warning uptime,level,tags
#1: stderr all=off uptime,level,tags

Environment Variables:
JAVA_HOME=C:/Program Files/Java/jre-9.0.1
PATH=C:\Users\Student8\bin;C:\Program Files\Git\mingw64\bin;C:\Program Files\Git\usr\local\bin;C:\Program Files\Git\usr\bin;C:\Program Files\Git\usr\bin;C:\Program Files\Git\mingw64\bin;C:\Program Files\Git\usr\bin;C:\Users\Student8\bin;C:\Program Files\Python37\Scripts;C:\Program Files\Python37;C:\Windows;C:\Windows\system32;C:\Windows\System32\Wbem;C:\Windows\System32\WindowsPowerShell\v1.0;C:\ProgramData\Oracle\Java\javapath;C:\xampp\php;C:\ProgramData\ComposerSetup\bin;C:\Program Files (x86)\Yarn\bin;C:\xampp\mysql\bin;C:\Program Files\PostgreSQL\10\bin;C:\apache-maven\bin;C:\gradle\bin;C:\Program Files\Java\jdk-9.0.1\bin;C:\Program Files\Java\jre-9.0.1\bin;C:\Program Files\Git\cmd;C:\Program Files\Git\mingw64\bin;C:\Program Files\Git\usr\bin;C:\Program Files\Microsoft VS Code\bin;C:\Program Files\Common Files\ThinPrint;C:\npm;C:\Program Files\nodejs;C:\Program Files\Git\usr\bin\vendor_perl;C:\Program Files\Git\usr\bin\core_perl
USERNAME=Student8
SHELL=C:\Program Files\Git\usr\bin\bash.exe
DISPLAY=needs-to-be-defined
OS=Windows_NT
PROCESSOR_IDENTIFIER=Intel64 Family 6 Model 44 Stepping 2, GenuineIntel



---------------  S Y S T E M  ---------------

OS: Windows 10 , 64 bit Build 10586 (10.0.10586.0)

CPU:total 2 (initial active 2) (1 cores per cpu, 1 threads per core) family 6 model 44 stepping 2, cmov, cx8, fxsr, mmx, sse, sse2, sse3, ssse3, sse4.1, sse4.2, popcnt, aes, clmul, tsc, tscinvbit, tscinv

Memory: 4k page, physical 4193844k(836520k free), swap 4717836k(7848k free)

vm_info: Java HotSpot(TM) 64-Bit Server VM (9.0.1+11) for windows-amd64 JRE (9.0.1+11), built on Sep 28 2017 04:54:03 by "mach5one" with MS VC++ 12.0 (VS2013)

END.
